<?xml version="1.0" encoding="UTF-8"?>
<!-- Generated by org.testng.reporters.JUnitReportReporter -->
<testsuite hostname="DESKTOP-D8ST4I6" failures="0" tests="3" name="com.sgtesting.parameterization.LoginDemo" time="0.020" errors="0" timestamp="2022-07-23T15:20:12 IST" skipped="0">
  <testcase classname="com.sgtesting.parameterization.LoginDemo" name="login" time="0.002"/>
  <system-out/>
  <testcase classname="com.sgtesting.parameterization.LoginDemo" name="login" time="0.004"/>
  <system-out/>
  <testcase classname="com.sgtesting.parameterization.LoginDemo" name="login" time="0.014"/>
  <system-out/>
</testsuite> <!-- com.sgtesting.parameterization.LoginDemo -->
