<?xml version="1.0" encoding="UTF-8"?>
<!-- Generated by org.testng.reporters.JUnitReportReporter -->
<testsuite hostname="DESKTOP-D8ST4I6" failures="0" tests="8" name="com.sgtesting.parameterization.Assignment3CreateDeleteCustomer" time="53.762" errors="0" timestamp="2022-07-23T20:11:11 IST" skipped="0">
  <testcase classname="com.sgtesting.parameterization.Assignment3CreateDeleteCustomer" name="launchBrowser" time="4.597"/>
  <system-out/>
  <testcase classname="com.sgtesting.parameterization.Assignment3CreateDeleteCustomer" name="navigate" time="10.929"/>
  <system-out/>
  <testcase classname="com.sgtesting.parameterization.Assignment3CreateDeleteCustomer" name="login" time="5.436"/>
  <system-out/>
  <testcase classname="com.sgtesting.parameterization.Assignment3CreateDeleteCustomer" name="minimizeFlyoutWindow" time="2.454"/>
  <system-out/>
  <testcase classname="com.sgtesting.parameterization.Assignment3CreateDeleteCustomer" name="createCustomer" time="14.091"/>
  <system-out/>
  <testcase classname="com.sgtesting.parameterization.Assignment3CreateDeleteCustomer" name="deleteCustomer" time="10.571"/>
  <system-out/>
  <testcase classname="com.sgtesting.parameterization.Assignment3CreateDeleteCustomer" name="logout" time="3.976"/>
  <system-out/>
  <testcase classname="com.sgtesting.parameterization.Assignment3CreateDeleteCustomer" name="closeApplication" time="1.708"/>
  <system-out/>
</testsuite> <!-- com.sgtesting.parameterization.Assignment3CreateDeleteCustomer -->
