<?xml version="1.0" encoding="UTF-8"?>
<!-- Generated by org.testng.reporters.JUnitReportReporter -->
<testsuite hostname="DESKTOP-D8ST4I6" failures="0" tests="10" name="com.sgtesting.parameterization.Assignment7CreateDeleteTasks" time="85.298" errors="0" timestamp="2022-07-23T22:50:36 IST" skipped="0">
  <testcase classname="com.sgtesting.parameterization.Assignment7CreateDeleteTasks" name="launchBrowser" time="11.784"/>
  <system-out/>
  <testcase classname="com.sgtesting.parameterization.Assignment7CreateDeleteTasks" name="navigate" time="8.349"/>
  <system-out/>
  <testcase classname="com.sgtesting.parameterization.Assignment7CreateDeleteTasks" name="login" time="5.364"/>
  <system-out/>
  <testcase classname="com.sgtesting.parameterization.Assignment7CreateDeleteTasks" name="minimizeFlyoutWindow" time="1.700"/>
  <system-out/>
  <testcase classname="com.sgtesting.parameterization.Assignment7CreateDeleteTasks" name="createCustomer" time="12.707"/>
  <system-out/>
  <testcase classname="com.sgtesting.parameterization.Assignment7CreateDeleteTasks" name="createProject" time="11.122"/>
  <system-out/>
  <testcase classname="com.sgtesting.parameterization.Assignment7CreateDeleteTasks" name="createTasks" time="8.688"/>
  <system-out/>
  <testcase classname="com.sgtesting.parameterization.Assignment7CreateDeleteTasks" name="deleteTasks" time="8.511"/>
  <system-out/>
  <testcase classname="com.sgtesting.parameterization.Assignment7CreateDeleteTasks" name="deleteProject" time="8.545"/>
  <system-out/>
  <testcase classname="com.sgtesting.parameterization.Assignment7CreateDeleteTasks" name="deleteCustomer" time="8.528"/>
  <system-out/>
</testsuite> <!-- com.sgtesting.parameterization.Assignment7CreateDeleteTasks -->
