<?xml version="1.0" encoding="UTF-8"?>
<!-- Generated by org.testng.reporters.JUnitReportReporter -->
<testsuite hostname="DESKTOP-D8ST4I6" failures="0" tests="9" name="com.sgtesting.parameterization.CreateModifyDeleteUser" time="73.939" errors="0" timestamp="2022-07-23T23:29:38 IST" skipped="0">
  <testcase classname="com.sgtesting.parameterization.CreateModifyDeleteUser" name="launchBrowser" time="10.976"/>
  <system-out/>
  <testcase classname="com.sgtesting.parameterization.CreateModifyDeleteUser" name="navigate" time="13.666"/>
  <system-out/>
  <testcase classname="com.sgtesting.parameterization.CreateModifyDeleteUser" name="login" time="5.384"/>
  <system-out/>
  <testcase classname="com.sgtesting.parameterization.CreateModifyDeleteUser" name="minimizeFlyoutWindow" time="5.718"/>
  <system-out/>
  <testcase classname="com.sgtesting.parameterization.CreateModifyDeleteUser" name="createUser" time="19.384"/>
  <system-out/>
  <testcase classname="com.sgtesting.parameterization.CreateModifyDeleteUser" name="modifyUser" time="6.571"/>
  <system-out/>
  <testcase classname="com.sgtesting.parameterization.CreateModifyDeleteUser" name="deleteUser" time="9.503"/>
  <system-out/>
  <testcase classname="com.sgtesting.parameterization.CreateModifyDeleteUser" name="logout" time="1.159"/>
  <system-out/>
  <testcase classname="com.sgtesting.parameterization.CreateModifyDeleteUser" name="closeApplication" time="1.578"/>
  <system-out/>
</testsuite> <!-- com.sgtesting.parameterization.CreateModifyDeleteUser -->
