<?xml version="1.0" encoding="UTF-8"?>
<!-- Generated by org.testng.reporters.JUnitReportReporter -->
<testsuite hostname="DESKTOP-D8ST4I6" failures="0" tests="11" name="com.sgtesting.parameterization.CreateDeleteCustomerCreateModifyDeleteProject" time="77.686" errors="0" timestamp="2022-07-23T23:29:38 IST" skipped="0">
  <testcase classname="com.sgtesting.parameterization.CreateDeleteCustomerCreateModifyDeleteProject" name="launchBrowser" time="4.281"/>
  <system-out/>
  <testcase classname="com.sgtesting.parameterization.CreateDeleteCustomerCreateModifyDeleteProject" name="navigate" time="15.555"/>
  <system-out/>
  <testcase classname="com.sgtesting.parameterization.CreateDeleteCustomerCreateModifyDeleteProject" name="login" time="5.397"/>
  <system-out/>
  <testcase classname="com.sgtesting.parameterization.CreateDeleteCustomerCreateModifyDeleteProject" name="minimizeFlyoutWindow" time="1.119"/>
  <system-out/>
  <testcase classname="com.sgtesting.parameterization.CreateDeleteCustomerCreateModifyDeleteProject" name="createCustomer" time="15.700"/>
  <system-out/>
  <testcase classname="com.sgtesting.parameterization.CreateDeleteCustomerCreateModifyDeleteProject" name="createProject" time="13.529"/>
  <system-out/>
  <testcase classname="com.sgtesting.parameterization.CreateDeleteCustomerCreateModifyDeleteProject" name="modifyProject" time="6.581"/>
  <system-out/>
  <testcase classname="com.sgtesting.parameterization.CreateDeleteCustomerCreateModifyDeleteProject" name="deleteProject" time="2.153"/>
  <system-out/>
  <testcase classname="com.sgtesting.parameterization.CreateDeleteCustomerCreateModifyDeleteProject" name="deleteCustomer" time="8.616"/>
  <system-out/>
  <testcase classname="com.sgtesting.parameterization.CreateDeleteCustomerCreateModifyDeleteProject" name="logout" time="3.767"/>
  <system-out/>
  <testcase classname="com.sgtesting.parameterization.CreateDeleteCustomerCreateModifyDeleteProject" name="closeApplication" time="0.988"/>
  <system-out/>
</testsuite> <!-- com.sgtesting.parameterization.CreateDeleteCustomerCreateModifyDeleteProject -->
