<?xml version="1.0" encoding="UTF-8"?>
<!-- Generated by org.testng.reporters.JUnitReportReporter -->
<testsuite hostname="DESKTOP-D8ST4I6" failures="0" tests="10" name="com.sgtesting.parameterization.CreateDeleteCustomerCreateDeleteProject" time="48.807" errors="0" timestamp="2022-07-23T23:29:38 IST" skipped="0">
  <testcase classname="com.sgtesting.parameterization.CreateDeleteCustomerCreateDeleteProject" name="launchBrowser" time="7.319"/>
  <system-out/>
  <testcase classname="com.sgtesting.parameterization.CreateDeleteCustomerCreateDeleteProject" name="navigate" time="12.217"/>
  <system-out/>
  <testcase classname="com.sgtesting.parameterization.CreateDeleteCustomerCreateDeleteProject" name="login" time="5.363"/>
  <system-out/>
  <testcase classname="com.sgtesting.parameterization.CreateDeleteCustomerCreateDeleteProject" name="minimizeFlyoutWindow" time="6.591"/>
  <system-out/>
  <testcase classname="com.sgtesting.parameterization.CreateDeleteCustomerCreateDeleteProject" name="createCustomer" time="13.260"/>
  <system-out/>
  <testcase classname="com.sgtesting.parameterization.CreateDeleteCustomerCreateDeleteProject" name="createProject" time="1.141"/>
  <system-out/>
  <testcase classname="com.sgtesting.parameterization.CreateDeleteCustomerCreateDeleteProject" name="deleteProject" time="0.030"/>
  <system-out/>
  <testcase classname="com.sgtesting.parameterization.CreateDeleteCustomerCreateDeleteProject" name="deleteCustomer" time="1.109"/>
  <system-out/>
  <testcase classname="com.sgtesting.parameterization.CreateDeleteCustomerCreateDeleteProject" name="logout" time="1.174"/>
  <system-out/>
  <testcase classname="com.sgtesting.parameterization.CreateDeleteCustomerCreateDeleteProject" name="closeApplication" time="0.603"/>
  <system-out/>
</testsuite> <!-- com.sgtesting.parameterization.CreateDeleteCustomerCreateDeleteProject -->
