<?xml version="1.0" encoding="UTF-8"?>
<!-- Generated by org.testng.reporters.JUnitReportReporter -->
<testsuite hostname="DESKTOP-D8ST4I6" failures="0" tests="2" name="com.sgtesting.hardassertions.AssertSameDemo" time="0.018" errors="0" timestamp="2022-07-25T13:12:37 IST" skipped="1">
  <testcase classname="com.sgtesting.hardassertions.AssertSameDemo" name="assertNotSameDemo1" time="0.018"/>
  <system-out/>
  <testcase classname="com.sgtesting.hardassertions.AssertSameDemo" name="assertSameDemo1">
    <skipped/>
  </testcase> <!-- assertSameDemo1 -->
  <system-out/>
</testsuite> <!-- com.sgtesting.hardassertions.AssertSameDemo -->
