<?xml version="1.0" encoding="UTF-8"?>
<!-- Generated by org.testng.reporters.JUnitReportReporter -->
<testsuite hostname="DESKTOP-D8ST4I6" failures="0" tests="7" name="com.sgtesting.parameterization.Assignment2ModifyUser" time="54.870" errors="0" timestamp="2022-07-23T19:58:34 IST" skipped="0">
  <testcase classname="com.sgtesting.parameterization.Assignment2ModifyUser" name="launchBrowser" time="5.432"/>
  <system-out/>
  <testcase classname="com.sgtesting.parameterization.Assignment2ModifyUser" name="navigate" time="8.193"/>
  <system-out/>
  <testcase classname="com.sgtesting.parameterization.Assignment2ModifyUser" name="login" time="5.365"/>
  <system-out/>
  <testcase classname="com.sgtesting.parameterization.Assignment2ModifyUser" name="minimizeFlyoutWindow" time="2.097"/>
  <system-out/>
  <testcase classname="com.sgtesting.parameterization.Assignment2ModifyUser" name="createUser" time="19.576"/>
  <system-out/>
  <testcase classname="com.sgtesting.parameterization.Assignment2ModifyUser" name="modifyUser" time="6.511"/>
  <system-out/>
  <testcase classname="com.sgtesting.parameterization.Assignment2ModifyUser" name="deleteUser" time="7.696"/>
  <system-out/>
</testsuite> <!-- com.sgtesting.parameterization.Assignment2ModifyUser -->
