<?xml version="1.0" encoding="UTF-8"?>
<!-- Generated by org.testng.reporters.JUnitReportReporter -->
<testsuite hostname="DESKTOP-D8ST4I6" failures="0" tests="12" name="com.sgtesting.parameterization.CreateDeleteCustomerProjectTasks" time="88.097" errors="0" timestamp="2022-07-23T23:29:38 IST" skipped="0">
  <testcase classname="com.sgtesting.parameterization.CreateDeleteCustomerProjectTasks" name="launchBrowser" time="3.843"/>
  <system-out/>
  <testcase classname="com.sgtesting.parameterization.CreateDeleteCustomerProjectTasks" name="navigate" time="10.847"/>
  <system-out/>
  <testcase classname="com.sgtesting.parameterization.CreateDeleteCustomerProjectTasks" name="login" time="5.424"/>
  <system-out/>
  <testcase classname="com.sgtesting.parameterization.CreateDeleteCustomerProjectTasks" name="minimizeFlyoutWindow" time="3.174"/>
  <system-out/>
  <testcase classname="com.sgtesting.parameterization.CreateDeleteCustomerProjectTasks" name="createCustomer" time="13.217"/>
  <system-out/>
  <testcase classname="com.sgtesting.parameterization.CreateDeleteCustomerProjectTasks" name="createProject" time="11.027"/>
  <system-out/>
  <testcase classname="com.sgtesting.parameterization.CreateDeleteCustomerProjectTasks" name="createTasks" time="8.725"/>
  <system-out/>
  <testcase classname="com.sgtesting.parameterization.CreateDeleteCustomerProjectTasks" name="deleteTasks" time="8.537"/>
  <system-out/>
  <testcase classname="com.sgtesting.parameterization.CreateDeleteCustomerProjectTasks" name="deleteProject" time="8.577"/>
  <system-out/>
  <testcase classname="com.sgtesting.parameterization.CreateDeleteCustomerProjectTasks" name="deleteCustomer" time="8.631"/>
  <system-out/>
  <testcase classname="com.sgtesting.parameterization.CreateDeleteCustomerProjectTasks" name="logout" time="4.245"/>
  <system-out/>
  <testcase classname="com.sgtesting.parameterization.CreateDeleteCustomerProjectTasks" name="closeApplication" time="1.850"/>
  <system-out/>
</testsuite> <!-- com.sgtesting.parameterization.CreateDeleteCustomerProjectTasks -->
