<?xml version="1.0" encoding="UTF-8"?>
<!-- Generated by org.testng.reporters.JUnitReportReporter -->
<testsuite hostname="DESKTOP-D8ST4I6" failures="0" tests="9" name="com.sgtesting.parameterization.Assignment4ModifyCustomer" time="60.280" errors="0" timestamp="2022-07-23T20:37:50 IST" skipped="0">
  <testcase classname="com.sgtesting.parameterization.Assignment4ModifyCustomer" name="launchBrowser" time="4.760"/>
  <system-out/>
  <testcase classname="com.sgtesting.parameterization.Assignment4ModifyCustomer" name="navigate" time="10.849"/>
  <system-out/>
  <testcase classname="com.sgtesting.parameterization.Assignment4ModifyCustomer" name="login" time="5.379"/>
  <system-out/>
  <testcase classname="com.sgtesting.parameterization.Assignment4ModifyCustomer" name="minimizeFlyoutWindow" time="1.600"/>
  <system-out/>
  <testcase classname="com.sgtesting.parameterization.Assignment4ModifyCustomer" name="createCustomer" time="16.049"/>
  <system-out/>
  <testcase classname="com.sgtesting.parameterization.Assignment4ModifyCustomer" name="modifyCustomer" time="8.537"/>
  <system-out/>
  <testcase classname="com.sgtesting.parameterization.Assignment4ModifyCustomer" name="deleteCustomer" time="8.484"/>
  <system-out/>
  <testcase classname="com.sgtesting.parameterization.Assignment4ModifyCustomer" name="logout" time="3.965"/>
  <system-out/>
  <testcase classname="com.sgtesting.parameterization.Assignment4ModifyCustomer" name="closeApplication" time="0.657"/>
  <system-out/>
</testsuite> <!-- com.sgtesting.parameterization.Assignment4ModifyCustomer -->
