<?xml version="1.0" encoding="UTF-8"?>
<!-- Generated by org.testng.reporters.JUnitReportReporter -->
<testsuite hostname="DESKTOP-D8ST4I6" failures="0" tests="1" name="com.sgtesting.softassertion.AssertEqualsDemo" time="0.032" errors="0" timestamp="2022-07-25T13:27:59 IST" skipped="0">
  <testcase classname="com.sgtesting.softassertion.AssertEqualsDemo" name="assertEqualsDemo1" time="0.032"/>
  <system-out/>
</testsuite> <!-- com.sgtesting.softassertion.AssertEqualsDemo -->
