<?xml version="1.0" encoding="UTF-8"?>
<!-- Generated by org.testng.reporters.JUnitReportReporter -->
<testsuite hostname="DESKTOP-D8ST4I6" failures="0" tests="3" name="com.sgtesting.groupsdemo.GroupsDemo" time="0.030" errors="0" timestamp="2022-07-25T14:29:43 IST" skipped="0">
  <testcase classname="com.sgtesting.groupsdemo.GroupsDemo" name="method3" time="0.004"/>
  <system-out/>
  <testcase classname="com.sgtesting.groupsdemo.GroupsDemo" name="method1" time="0.016"/>
  <system-out/>
  <testcase classname="com.sgtesting.groupsdemo.GroupsDemo" name="method5" time="0.010"/>
  <system-out/>
</testsuite> <!-- com.sgtesting.groupsdemo.GroupsDemo -->
