<?xml version="1.0" encoding="UTF-8"?>
<!-- Generated by org.testng.reporters.JUnitReportReporter -->
<testsuite hostname="DESKTOP-D8ST4I6" failures="0" tests="10" name="com.sgtesting.parameterization.Assignment5CreateDeleteProject" time="73.331" errors="0" timestamp="2022-07-23T20:53:23 IST" skipped="0">
  <testcase classname="com.sgtesting.parameterization.Assignment5CreateDeleteProject" name="launchBrowser" time="6.545"/>
  <system-out/>
  <testcase classname="com.sgtesting.parameterization.Assignment5CreateDeleteProject" name="navigate" time="8.822"/>
  <system-out/>
  <testcase classname="com.sgtesting.parameterization.Assignment5CreateDeleteProject" name="login" time="5.389"/>
  <system-out/>
  <testcase classname="com.sgtesting.parameterization.Assignment5CreateDeleteProject" name="minimizeFlyoutWindow" time="2.853"/>
  <system-out/>
  <testcase classname="com.sgtesting.parameterization.Assignment5CreateDeleteProject" name="createCustomer" time="15.741"/>
  <system-out/>
  <testcase classname="com.sgtesting.parameterization.Assignment5CreateDeleteProject" name="createProject" time="11.667"/>
  <system-out/>
  <testcase classname="com.sgtesting.parameterization.Assignment5CreateDeleteProject" name="deleteProject" time="8.563"/>
  <system-out/>
  <testcase classname="com.sgtesting.parameterization.Assignment5CreateDeleteProject" name="deleteCustomer" time="8.560"/>
  <system-out/>
  <testcase classname="com.sgtesting.parameterization.Assignment5CreateDeleteProject" name="logout" time="3.512"/>
  <system-out/>
  <testcase classname="com.sgtesting.parameterization.Assignment5CreateDeleteProject" name="closeApplication" time="1.679"/>
  <system-out/>
</testsuite> <!-- com.sgtesting.parameterization.Assignment5CreateDeleteProject -->
