<?xml version="1.0" encoding="UTF-8"?>
<!-- Generated by org.testng.reporters.JUnitReportReporter -->
<testsuite hostname="DESKTOP-D8ST4I6" failures="0" tests="8" name="com.sgtesting.parameterization.CreateDeleteCustomer" time="61.420" errors="0" timestamp="2022-07-23T23:29:38 IST" skipped="0">
  <testcase classname="com.sgtesting.parameterization.CreateDeleteCustomer" name="launchBrowser" time="6.397"/>
  <system-out/>
  <testcase classname="com.sgtesting.parameterization.CreateDeleteCustomer" name="navigate" time="11.105"/>
  <system-out/>
  <testcase classname="com.sgtesting.parameterization.CreateDeleteCustomer" name="login" time="5.388"/>
  <system-out/>
  <testcase classname="com.sgtesting.parameterization.CreateDeleteCustomer" name="minimizeFlyoutWindow" time="2.568"/>
  <system-out/>
  <testcase classname="com.sgtesting.parameterization.CreateDeleteCustomer" name="createCustomer" time="19.322"/>
  <system-out/>
  <testcase classname="com.sgtesting.parameterization.CreateDeleteCustomer" name="deleteCustomer" time="11.560"/>
  <system-out/>
  <testcase classname="com.sgtesting.parameterization.CreateDeleteCustomer" name="logout" time="4.394"/>
  <system-out/>
  <testcase classname="com.sgtesting.parameterization.CreateDeleteCustomer" name="closeApplication" time="0.686"/>
  <system-out/>
</testsuite> <!-- com.sgtesting.parameterization.CreateDeleteCustomer -->
