<?xml version="1.0" encoding="UTF-8"?>
<!-- Generated by org.testng.reporters.JUnitReportReporter -->
<testsuite hostname="DESKTOP-D8ST4I6" failures="0" tests="9" name="com.sgtesting.parameterization.Assignment6ModifyProject" time="67.943" errors="0" timestamp="2022-07-23T22:27:37 IST" skipped="0">
  <testcase classname="com.sgtesting.parameterization.Assignment6ModifyProject" name="launchBrowser" time="10.957"/>
  <system-out/>
  <testcase classname="com.sgtesting.parameterization.Assignment6ModifyProject" name="navigate" time="8.666"/>
  <system-out/>
  <testcase classname="com.sgtesting.parameterization.Assignment6ModifyProject" name="login" time="5.378"/>
  <system-out/>
  <testcase classname="com.sgtesting.parameterization.Assignment6ModifyProject" name="minimizeFlyoutWindow" time="2.135"/>
  <system-out/>
  <testcase classname="com.sgtesting.parameterization.Assignment6ModifyProject" name="createCustomer" time="12.636"/>
  <system-out/>
  <testcase classname="com.sgtesting.parameterization.Assignment6ModifyProject" name="createProject" time="10.772"/>
  <system-out/>
  <testcase classname="com.sgtesting.parameterization.Assignment6ModifyProject" name="modifyProject" time="6.598"/>
  <system-out/>
  <testcase classname="com.sgtesting.parameterization.Assignment6ModifyProject" name="deleteProject" time="2.287"/>
  <system-out/>
  <testcase classname="com.sgtesting.parameterization.Assignment6ModifyProject" name="deleteCustomer" time="8.514"/>
  <system-out/>
</testsuite> <!-- com.sgtesting.parameterization.Assignment6ModifyProject -->
