<?xml version="1.0" encoding="UTF-8"?>
<!-- Generated by org.testng.reporters.JUnitReportReporter -->
<testsuite hostname="DESKTOP-D8ST4I6" failures="0" tests="2" name="com.sgtesting.annotationsummary.AnnotationsSummary" time="0.030" errors="0" timestamp="2022-07-25T11:56:38 IST" skipped="0">
  <testcase classname="com.sgtesting.annotationsummary.AnnotationsSummary" name="test2_Annotations" time="0.004"/>
  <system-out/>
  <testcase classname="com.sgtesting.annotationsummary.AnnotationsSummary" name="test1_Annotations" time="0.026"/>
  <system-out/>
</testsuite> <!-- com.sgtesting.annotationsummary.AnnotationsSummary -->
