<?xml version="1.0" encoding="UTF-8"?>
<!-- Generated by org.testng.reporters.JUnitReportReporter -->
<testsuite hostname="DESKTOP-D8ST4I6" failures="0" tests="8" name="com.sgtesting.parameterization.LoginCreateDeleteUserLogoutScenario" time="65.222" errors="0" timestamp="2022-07-25T15:34:48 IST" skipped="0">
  <testcase classname="com.sgtesting.parameterization.LoginCreateDeleteUserLogoutScenario" name="launchBrowser" time="14.585"/>
  <system-out/>
  <testcase classname="com.sgtesting.parameterization.LoginCreateDeleteUserLogoutScenario" name="navigate" time="21.367"/>
  <system-out/>
  <testcase classname="com.sgtesting.parameterization.LoginCreateDeleteUserLogoutScenario" name="login" time="7.784"/>
  <system-out/>
  <testcase classname="com.sgtesting.parameterization.LoginCreateDeleteUserLogoutScenario" name="minimizeFlyoutWindow" time="1.096"/>
  <system-out/>
  <testcase classname="com.sgtesting.parameterization.LoginCreateDeleteUserLogoutScenario" name="createUser" time="16.602"/>
  <system-out/>
  <testcase classname="com.sgtesting.parameterization.LoginCreateDeleteUserLogoutScenario" name="deleteUser" time="2.041"/>
  <system-out/>
  <testcase classname="com.sgtesting.parameterization.LoginCreateDeleteUserLogoutScenario" name="logout" time="1.127"/>
  <system-out/>
  <testcase classname="com.sgtesting.parameterization.LoginCreateDeleteUserLogoutScenario" name="closeApplication" time="0.620"/>
  <system-out/>
</testsuite> <!-- com.sgtesting.parameterization.LoginCreateDeleteUserLogoutScenario -->
