<?xml version="1.0" encoding="UTF-8"?>
<!-- Generated by org.testng.reporters.JUnitReportReporter -->
<testsuite hostname="DESKTOP-D8ST4I6" failures="0" tests="1" name="com.sgtesting.softassertion.AssertSameDemo" time="0.026" errors="0" timestamp="2022-07-25T14:05:08 IST" skipped="0">
  <testcase classname="com.sgtesting.softassertion.AssertSameDemo" name="assertSameDemo1" time="0.026"/>
  <system-out/>
</testsuite> <!-- com.sgtesting.softassertion.AssertSameDemo -->
