<?xml version="1.0" encoding="UTF-8"?>
<!-- Generated by org.testng.reporters.JUnitReportReporter -->
<testsuite hostname="DESKTOP-D8ST4I6" failures="0" tests="8" name="com.sgtesting.parameterization.CreateDeleteUserScenario" time="81.229" errors="0" timestamp="2022-07-23T16:56:40 IST" skipped="0">
  <testcase classname="com.sgtesting.parameterization.CreateDeleteUserScenario" name="launchBrowser" time="15.067"/>
  <system-out/>
  <testcase classname="com.sgtesting.parameterization.CreateDeleteUserScenario" name="navigate" time="14.877"/>
  <system-out/>
  <testcase classname="com.sgtesting.parameterization.CreateDeleteUserScenario" name="login" time="7.426"/>
  <system-out/>
  <testcase classname="com.sgtesting.parameterization.CreateDeleteUserScenario" name="minimizeFlyoutWindow" time="4.086"/>
  <system-out/>
  <testcase classname="com.sgtesting.parameterization.CreateDeleteUserScenario" name="createUser" time="21.452"/>
  <system-out/>
  <testcase classname="com.sgtesting.parameterization.CreateDeleteUserScenario" name="deleteUser" time="9.632"/>
  <system-out/>
  <testcase classname="com.sgtesting.parameterization.CreateDeleteUserScenario" name="logout" time="3.594"/>
  <system-out/>
  <testcase classname="com.sgtesting.parameterization.CreateDeleteUserScenario" name="closeApplication" time="5.095"/>
  <system-out/>
</testsuite> <!-- com.sgtesting.parameterization.CreateDeleteUserScenario -->
