<?xml version="1.0" encoding="UTF-8"?>
<!-- Generated by org.testng.reporters.JUnitReportReporter -->
<testsuite hostname="DESKTOP-D8ST4I6" failures="0" tests="9" name="com.sgtesting.parameterization.CreateModifyDeleteCustomer" time="65.489" errors="0" timestamp="2022-07-23T23:29:37 IST" skipped="0">
  <testcase classname="com.sgtesting.parameterization.CreateModifyDeleteCustomer" name="launchBrowser" time="4.735"/>
  <system-out/>
  <testcase classname="com.sgtesting.parameterization.CreateModifyDeleteCustomer" name="navigate" time="12.442"/>
  <system-out/>
  <testcase classname="com.sgtesting.parameterization.CreateModifyDeleteCustomer" name="login" time="5.356"/>
  <system-out/>
  <testcase classname="com.sgtesting.parameterization.CreateModifyDeleteCustomer" name="minimizeFlyoutWindow" time="2.220"/>
  <system-out/>
  <testcase classname="com.sgtesting.parameterization.CreateModifyDeleteCustomer" name="createCustomer" time="15.262"/>
  <system-out/>
  <testcase classname="com.sgtesting.parameterization.CreateModifyDeleteCustomer" name="modifyCustomer" time="8.759"/>
  <system-out/>
  <testcase classname="com.sgtesting.parameterization.CreateModifyDeleteCustomer" name="deleteCustomer" time="3.270"/>
  <system-out/>
  <testcase classname="com.sgtesting.parameterization.CreateModifyDeleteCustomer" name="logout" time="4.942"/>
  <system-out/>
  <testcase classname="com.sgtesting.parameterization.CreateModifyDeleteCustomer" name="closeApplication" time="8.503"/>
  <system-out/>
</testsuite> <!-- com.sgtesting.parameterization.CreateModifyDeleteCustomer -->
